<?xml version="1.0" encoding="UTF-8"?>
<testsuite name="ru.com.avs.util.WayBillUtilTest" tests="1" skipped="0" failures="0" errors="0" timestamp="2020-12-14T12:39:20" hostname="romanx-pc" time="0.001">
  <properties/>
  <testcase name="flushfilea" classname="ru.com.avs.util.WayBillUtilTest" time="0.001"/>
  <system-out><![CDATA[]]></system-out>
  <system-err><![CDATA[]]></system-err>
</testsuite>
