<?xml version="1.0" encoding="UTF-8"?>
<testsuite name="ru.com.avs.ExampleTest" tests="1" skipped="0" failures="0" errors="0" timestamp="2020-12-09T05:32:14" hostname="romanx-pc" time="0.0">
  <properties/>
  <testcase name="preperaGUI" classname="ru.com.avs.ExampleTest" time="0.0"/>
  <system-out><![CDATA[]]></system-out>
  <system-err><![CDATA[]]></system-err>
</testsuite>
